[debug] [2025-08-18T18:54:24.410Z] ----------------------------------------------------------------------
[debug] [2025-08-18T18:54:24.412Z] Command:       C:\Program Files\nodejs\node.exe C:\Users\osibe\Projects\ewedding\node_modules\firebase-tools\lib\bin\firebase.js projects:list
[debug] [2025-08-18T18:54:24.413Z] CLI Version:   14.12.1
[debug] [2025-08-18T18:54:24.413Z] Platform:      win32
[debug] [2025-08-18T18:54:24.413Z] Node Version:  v20.11.0
[debug] [2025-08-18T18:54:24.413Z] Time:          Mon Aug 18 2025 19:54:24 GMT+0100 (British Summer Time)
[debug] [2025-08-18T18:54:24.413Z] ----------------------------------------------------------------------
[debug] 
[debug] [2025-08-18T18:54:24.592Z] > command requires scopes: ["email","openid","https://www.googleapis.com/auth/cloudplatformprojects.readonly","https://www.googleapis.com/auth/firebase","https://www.googleapis.com/auth/cloud-platform"]
[debug] [2025-08-18T18:54:24.593Z] > authorizing via signed-in user (osibemekunfemi@gmail.com)
[debug] [2025-08-18T18:54:24.598Z] Checked if tokens are valid: false, expires at: 1725141572433
[debug] [2025-08-18T18:54:24.598Z] Checked if tokens are valid: false, expires at: 1725141572433
[debug] [2025-08-18T18:54:24.598Z] > refreshing access token with scopes: []
[debug] [2025-08-18T18:54:24.601Z] >>> [apiv2][query] POST https://www.googleapis.com/oauth2/v3/token [none]
[debug] [2025-08-18T18:54:24.601Z] >>> [apiv2][body] POST https://www.googleapis.com/oauth2/v3/token [omitted]
[debug] [2025-08-18T18:54:24.733Z] <<< [apiv2][status] POST https://www.googleapis.com/oauth2/v3/token 400
[debug] [2025-08-18T18:54:24.733Z] <<< [apiv2][body] POST https://www.googleapis.com/oauth2/v3/token [omitted]
[debug] [2025-08-18T18:54:24.734Z] >>> [apiv2][query] GET https://firebase.googleapis.com/v1beta1/projects pageSize=1000
[debug] [2025-08-18T18:54:24.858Z] <<< [apiv2][status] GET https://firebase.googleapis.com/v1beta1/projects 401
[debug] [2025-08-18T18:54:24.858Z] <<< [apiv2][body] GET https://firebase.googleapis.com/v1beta1/projects [omitted]
[debug] [2025-08-18T18:54:24.858Z] Got a 401 Unauthenticated error for a call that required authentication. Refreshing tokens.
[debug] [2025-08-18T18:54:24.858Z] Checked if tokens are valid: false, expires at: 1725141572433
[debug] [2025-08-18T18:54:24.859Z] Checked if tokens are valid: false, expires at: 1725141572433
[debug] [2025-08-18T18:54:24.859Z] > refreshing access token with scopes: []
[debug] [2025-08-18T18:54:24.859Z] >>> [apiv2][query] POST https://www.googleapis.com/oauth2/v3/token [none]
[debug] [2025-08-18T18:54:24.859Z] >>> [apiv2][body] POST https://www.googleapis.com/oauth2/v3/token [omitted]
[debug] [2025-08-18T18:54:24.895Z] <<< [apiv2][status] POST https://www.googleapis.com/oauth2/v3/token 400
[debug] [2025-08-18T18:54:24.896Z] <<< [apiv2][body] POST https://www.googleapis.com/oauth2/v3/token [omitted]
[debug] [2025-08-18T18:54:24.896Z] Request to https://firebase.googleapis.com/v1beta1/projects?pageSize=1000 had HTTP Error: 401, Request had invalid authentication credentials. Expected OAuth 2 access token, login cookie or other valid authentication credential. See https://developers.google.com/identity/sign-in/web/devconsole-project.
[debug] [2025-08-18T18:54:24.970Z] FirebaseError: Request to https://firebase.googleapis.com/v1beta1/projects?pageSize=1000 had HTTP Error: 401, Request had invalid authentication credentials. Expected OAuth 2 access token, login cookie or other valid authentication credential. See https://developers.google.com/identity/sign-in/web/devconsole-project.
    at responseToError (C:\Users\osibe\Projects\ewedding\node_modules\firebase-tools\lib\responseToError.js:52:12)
    at RetryOperation._fn (C:\Users\osibe\Projects\ewedding\node_modules\firebase-tools\lib\apiv2.js:312:77)
    at process.processTicksAndRejections (node:internal/process/task_queues:95:5)
[error] 
[error] Error: Failed to list Firebase projects. See firebase-debug.log for more info.
